<?xml version="1.0" encoding="UTF-8"?>
<coverage generated="1490120544931" clover="3.2.0">
  <project timestamp="1490120544931" name="All files">
    <metrics statements="26" coveredstatements="22" conditionals="2" coveredconditionals="2" methods="8" coveredmethods="4" elements="36" coveredelements="28" complexity="0" loc="26" ncloc="26" packages="1" files="2" classes="2">
      <file name="todos-localestorage-repo.service.ts" path="/home/marcin/WebstormProjects/my-own-angularjs-seed/src/components/todos/todos-localestorage-repo.service.ts">
        <metrics statements="18" coveredstatements="14" conditionals="0" coveredconditionals="0" methods="7" coveredmethods="3"/>
        <line num="1" count="1" type="stmt"/>
        <line num="2" count="1" type="stmt"/>
        <line num="3" count="1" type="stmt"/>
        <line num="5" count="1" type="stmt"/>
        <line num="7" count="1" type="stmt"/>
        <line num="8" count="0" type="stmt"/>
        <line num="10" count="1" type="stmt"/>
        <line num="11" count="0" type="stmt"/>
        <line num="13" count="1" type="stmt"/>
        <line num="14" count="1" type="stmt"/>
        <line num="15" count="1" type="stmt"/>
        <line num="17" count="1" type="stmt"/>
        <line num="18" count="0" type="stmt"/>
        <line num="20" count="1" type="stmt"/>
        <line num="21" count="0" type="stmt"/>
        <line num="23" count="1" type="stmt"/>
        <line num="25" count="1" type="stmt"/>
        <line num="26" count="1" type="stmt"/>
      </file>
      <file name="todos.module.ts" path="/home/marcin/WebstormProjects/my-own-angularjs-seed/src/components/todos/todos.module.ts">
        <metrics statements="8" coveredstatements="8" conditionals="2" coveredconditionals="2" methods="1" coveredmethods="1"/>
        <line num="1" count="1" type="stmt"/>
        <line num="2" count="1" type="stmt"/>
        <line num="7" count="1" type="stmt"/>
        <line num="8" count="1" type="stmt"/>
        <line num="9" count="1" type="stmt"/>
        <line num="11" count="1" type="stmt"/>
        <line num="12" count="1" type="stmt"/>
        <line num="13" count="1" type="stmt"/>
      </file>
    </metrics>
  </project>
</coverage>
