{"/home/marcin/WebstormProjects/my-own-angularjs-seed/src/components/todos/todos-localestorage-repo.service.ts": {"path":"/home/marcin/WebstormProjects/my-own-angularjs-seed/src/components/todos/todos-localestorage-repo.service.ts","statementMap":{"0":{"start":{"line":1,"column":13},"end":{"line":1,"column":42}},"1":{"start":{"line":1,"column":42},"end":{"line":1,"column":55}},"2":{"start":{"line":2,"column":0},"end":{"line":2,"column":62}},"3":{"start":{"line":3,"column":36},"end":{"line":24,"column":3}},"4":{"start":{"line":5,"column":8},"end":{"line":5,"column":55}},"5":{"start":{"line":7,"column":4},"end":{"line":9,"column":6}},"6":{"start":{"line":8,"column":8},"end":{"line":8,"column":25}},"7":{"start":{"line":10,"column":4},"end":{"line":12,"column":6}},"8":{"start":{"line":11,"column":8},"end":{"line":11,"column":25}},"9":{"start":{"line":13,"column":4},"end":{"line":16,"column":6}},"10":{"start":{"line":14,"column":8},"end":{"line":14,"column":52}},"11":{"start":{"line":15,"column":8},"end":{"line":15,"column":20}},"12":{"start":{"line":17,"column":4},"end":{"line":19,"column":6}},"13":{"start":{"line":18,"column":8},"end":{"line":18,"column":25}},"14":{"start":{"line":20,"column":4},"end":{"line":22,"column":6}},"15":{"start":{"line":21,"column":8},"end":{"line":21,"column":25}},"16":{"start":{"line":23,"column":4},"end":{"line":23,"column":40}},"17":{"start":{"line":25,"column":0},"end":{"line":25,"column":63}},"18":{"start":{"line":26,"column":0},"end":{"line":26,"column":68}}},"fnMap":{"0":{"name":"(anonymous_0)","decl":{"start":{"line":3,"column":36},"end":{"line":3,"column":37}},"loc":{"start":{"line":3,"column":48},"end":{"line":24,"column":1}}},"1":{"name":"TodosLocaleStorageRepository","decl":{"start":{"line":4,"column":13},"end":{"line":4,"column":41}},"loc":{"start":{"line":4,"column":63},"end":{"line":6,"column":5}}},"2":{"name":"(anonymous_2)","decl":{"start":{"line":7,"column":52},"end":{"line":7,"column":53}},"loc":{"start":{"line":7,"column":64},"end":{"line":9,"column":5}}},"3":{"name":"(anonymous_3)","decl":{"start":{"line":10,"column":53},"end":{"line":10,"column":54}},"loc":{"start":{"line":10,"column":67},"end":{"line":12,"column":5}}},"4":{"name":"(anonymous_4)","decl":{"start":{"line":13,"column":49},"end":{"line":13,"column":50}},"loc":{"start":{"line":13,"column":84},"end":{"line":16,"column":5}}},"5":{"name":"(anonymous_5)","decl":{"start":{"line":17,"column":52},"end":{"line":17,"column":53}},"loc":{"start":{"line":17,"column":87},"end":{"line":19,"column":5}}},"6":{"name":"(anonymous_6)","decl":{"start":{"line":20,"column":52},"end":{"line":20,"column":53}},"loc":{"start":{"line":20,"column":87},"end":{"line":22,"column":5}}}},"branchMap":{},"s":{"0":1,"1":1,"2":1,"3":1,"4":1,"5":1,"6":0,"7":1,"8":0,"9":1,"10":1,"11":1,"12":1,"13":0,"14":1,"15":0,"16":1,"17":1,"18":1},"f":{"0":1,"1":1,"2":0,"3":0,"4":1,"5":0,"6":0},"b":{},"inputSourceMap":{"version":3,"file":"todos-localestorage-repo.service.js","sourceRoot":"","sources":["file:////home/marcin/WebstormProjects/my-own-angularjs-seed/src/components/todos/todos-localestorage-repo.service.ts"],"names":[],"mappings":";;AAMA;IAGI,sCAAoB,mBAAwB;QAAxB,wBAAmB,GAAnB,mBAAmB,CAAK;IAAG,CAAC;IAEhD,6CAAM,GAAN;QACI,MAAM,CAAC,SAAS,CAAC;IACrB,CAAC;IAED,8CAAO,GAAP,UAAQ,EAAU;QACd,MAAM,CAAC,SAAS,CAAC;IACrB,CAAC;IAED,0CAAG,GAAH,UAAI,IAAW,EAAE,SAAoB,EAAE,MAAiB;QACpD,IAAI,CAAC,mBAAmB,CAAC,GAAG,CAAC,IAAI,CAAC,EAAE,EAAE,IAAI,CAAC,CAAC;QAC5C,MAAM,CAAC,IAAI,CAAC;IAChB,CAAC;IAED,6CAAM,GAAN,UAAO,IAAW,EAAE,SAAoB,EAAE,MAAiB;QACvD,MAAM,CAAC,SAAS,CAAC;IACrB,CAAC;IAED,6CAAM,GAAN,UAAO,IAAW,EAAE,SAAoB,EAAE,MAAiB;QACvD,MAAM,CAAC,SAAS,CAAC;IACrB,CAAC;IACL,mCAAC;AAAD,CAAC,AAzBD;AACW,oCAAO,GAAG,CAAC,qBAAqB,CAAC,CAAC;AADhC,oEAA4B","sourcesContent":["/**\n * Created by Marcin Sirocki\n * email: marcinsirocki@gmail.com\n */\nimport {ITodoRepository, ITodo} from './todos.model';\n\nexport class TodosLocaleStorageRepository implements ITodoRepository {\n    static $inject = ['localStorageService'];\n\n    constructor(private localStorageService: any) {}\n\n    getAll(): ITodo[] {\n        return undefined;\n    }\n\n    getById(id: number): ITodo {\n        return undefined;\n    }\n\n    add(todo: ITodo, onSuccess?: Function, onFail?: Function): ITodo|boolean {\n        this.localStorageService.set(todo.id, todo);\n        return todo;\n    }\n\n    remove(todo: ITodo, onSuccess?: Function, onFail?: Function): boolean {\n        return undefined;\n    }\n\n    update(todo: ITodo, onSuccess?: Function, onFail?: Function): ITodo|boolean {\n        return undefined;\n    }\n}"]},"_coverageSchema":"332fd63041d2c1bcb487cc26dd0d5f7d97098a6c","hash":"8b8f08095d959a95aff2ff0f46296c22e195fffc"}
,"/home/marcin/WebstormProjects/my-own-angularjs-seed/src/components/todos/todos.module.ts": {"path":"/home/marcin/WebstormProjects/my-own-angularjs-seed/src/components/todos/todos.module.ts","statementMap":{"0":{"start":{"line":1,"column":13},"end":{"line":1,"column":42}},"1":{"start":{"line":1,"column":42},"end":{"line":1,"column":55}},"2":{"start":{"line":2,"column":0},"end":{"line":2,"column":62}},"3":{"start":{"line":7,"column":14},"end":{"line":7,"column":32}},"4":{"start":{"line":8,"column":0},"end":{"line":8,"column":33}},"5":{"start":{"line":9,"column":41},"end":{"line":9,"column":86}},"6":{"start":{"line":11,"column":0},"end":{"line":15,"column":68}},"7":{"start":{"line":12,"column":4},"end":{"line":12,"column":35}},"8":{"start":{"line":13,"column":4},"end":{"line":14,"column":114}}},"fnMap":{"0":{"name":"(anonymous_0)","decl":{"start":{"line":11,"column":1},"end":{"line":11,"column":2}},"loc":{"start":{"line":11,"column":24},"end":{"line":15,"column":1}}}},"branchMap":{"0":{"loc":{"start":{"line":15,"column":17},"end":{"line":15,"column":66}},"type":"binary-expr","locations":[{"start":{"line":15,"column":17},"end":{"line":15,"column":36}},{"start":{"line":15,"column":41},"end":{"line":15,"column":65}}]}},"s":{"0":1,"1":1,"2":1,"3":1,"4":1,"5":1,"6":1,"7":1,"8":1},"f":{"0":1},"b":{"0":[1,1]},"inputSourceMap":{"version":3,"file":"todos.module.js","sourceRoot":"","sources":["file:////home/marcin/WebstormProjects/my-own-angularjs-seed/src/components/todos/todos.module.ts"],"names":[],"mappings":";;AAAA;;;GAGG;AACH,iCAAkC;AAClC,iCAA+B;AAC/B,uFAAgF;AAEhF,IAAc,WAAW,CAKxB;AALD,WAAc,WAAW;IACR,gBAAI,GAAW,WAAW,CAAC;IAExC,OAAO,CAAC,MAAM,CAAC,WAAW,CAAC,IAAI,EAAE,CAAC,oBAAoB,CAAC,CAAC;SACnD,OAAO,CAAC,8BAA8B,EAAE,+DAA4B,CAAC,CAAC;AAC/E,CAAC,EALa,WAAW,GAAX,mBAAW,KAAX,mBAAW,QAKxB","sourcesContent":["/**\n * Created by Marcin Sirocki\n * email: marcinsirocki@gmail.com\n */\nimport * as angular from 'angular'\nimport 'angular-local-storage';\nimport {TodosLocaleStorageRepository} from './todos-localestorage-repo.service';\n\nexport module TodosModule {\n    export const name: string = 'app.todos';\n\n    angular.module(TodosModule.name, ['LocalStorageModule'])\n        .service('TodosLocaleStorageRepository', TodosLocaleStorageRepository);\n}"]},"_coverageSchema":"332fd63041d2c1bcb487cc26dd0d5f7d97098a6c","hash":"c196652d9fd113568239928b4e082be9802314ae"}
}
