TN:
SF:/home/marcin/WebstormProjects/my-own-angularjs-seed/src/components/todos/todos-localestorage-repo.service.ts
FN:3,(anonymous_0)
FN:4,TodosLocaleStorageRepository
FN:7,(anonymous_2)
FN:10,(anonymous_3)
FN:13,(anonymous_4)
FN:17,(anonymous_5)
FN:20,(anonymous_6)
FNF:7
FNH:3
FNDA:1,(anonymous_0)
FNDA:1,TodosLocaleStorageRepository
FNDA:0,(anonymous_2)
FNDA:0,(anonymous_3)
FNDA:1,(anonymous_4)
FNDA:0,(anonymous_5)
FNDA:0,(anonymous_6)
DA:1,1
DA:2,1
DA:3,1
DA:5,1
DA:7,1
DA:8,0
DA:10,1
DA:11,0
DA:13,1
DA:14,1
DA:15,1
DA:17,1
DA:18,0
DA:20,1
DA:21,0
DA:23,1
DA:25,1
DA:26,1
LF:18
LH:14
BRF:0
BRH:0
end_of_record
TN:
SF:/home/marcin/WebstormProjects/my-own-angularjs-seed/src/components/todos/todos.module.ts
FN:11,(anonymous_0)
FNF:1
FNH:1
FNDA:1,(anonymous_0)
DA:1,1
DA:2,1
DA:7,1
DA:8,1
DA:9,1
DA:11,1
DA:12,1
DA:13,1
LF:8
LH:8
BRDA:15,0,0,1
BRDA:15,0,1,1
BRF:2
BRH:2
end_of_record
